<?xml version="1.0" encoding="UTF-8"?>
<!-- Generated by org.testng.reporters.JUnitXMLReporter -->
<testsuite ignored="0" hostname="DESKTOP-RG6CFTP" failures="0" tests="3" name="Test" time="39.762" errors="0" timestamp="2021-10-14T13:09:13 IST">
  <testcase classname="Acadamy.validateTitle" name="basePageNavigation" time="12.4"/>
  <testcase classname="Acadamy.validateNavBar" name="basePageNavigation" time="11.709"/>
  <testcase classname="Acadamy.hOMEpAGE" name="basePageNavigation" time="15.576"/>
</testsuite> <!-- Test -->
