<?xml version="1.0" encoding="UTF-8"?>
<!-- Generated by org.testng.reporters.JUnitXMLReporter -->
<testsuite ignored="0" hostname="DESKTOP-RG6CFTP" failures="1" tests="1" name="validain titlt" time="22.769" errors="0" timestamp="2021-10-19T17:07:47 IST">
  <testcase classname="Acadamy.validateTitle" name="validatingTitle" time="0.319">
    <failure type="java.lang.AssertionError" message="expected [FEATURED COU123RSES] but found [FEATURED COURSES]">
      <![CDATA[java.lang.AssertionError: expected [FEATURED COU123RSES] but found [FEATURED COURSES]
at Acadamy.validateTitle.validatingTitle(validateTitle.java:46)
at java.base/java.util.ArrayList.forEach(ArrayList.java:1511)
... Removed 33 stack frames]]>
    </failure>
  </testcase> <!-- validatingTitle -->
</testsuite> <!-- validain titlt -->
